2026-06-20 15:28:22,889 - INFO - Board validation successful.
2026-06-20 15:28:50,703 - INFO - Board validation successful.
2026-06-20 15:32:55,769 - INFO - Board validation successful.
2026-06-20 15:34:15,042 - INFO - Board validation successful.
2026-06-20 15:34:23,680 - INFO - Board validation successful.
2026-06-20 15:35:42,515 - INFO - Board validation successful.
2026-06-20 15:37:33,577 - ERROR - Board contains duplicate values.
NoneType: None
2026-06-20 15:38:10,116 - ERROR - Board contains duplicate values.
NoneType: None
2026-06-20 15:38:39,369 - INFO - Board validation successful.
2026-06-20 15:38:58,652 - INFO - Board validation successful.
2026-06-20 15:40:40,678 - INFO - Board validation successful.
2026-06-20 15:41:40,846 - INFO - Board validation successful.
2026-06-20 15:42:50,400 - INFO - Board validation successful.
2026-06-20 15:44:01,321 - INFO - Board validation successful.
2026-06-20 15:45:43,202 - INFO - Board validation successful.
2026-06-20 17:53:21,508 - INFO - Board validation successful.
2026-06-20 18:34:18,777 - INFO - Board validation successful.
2026-06-24 10:38:28,888 - INFO - 1 change detected
2026-06-24 10:38:29,367 - INFO - 4 changes detected
2026-06-24 10:38:29,717 - INFO - 1 change detected
2026-06-24 10:38:30,068 - INFO - 1 change detected
2026-06-24 10:38:30,419 - INFO - 1 change detected
2026-06-24 10:38:30,769 - INFO - 1 change detected
2026-06-24 10:38:31,120 - INFO - 1 change detected
2026-06-24 10:38:31,471 - INFO - 1 change detected
2026-06-24 10:38:31,822 - INFO - 1 change detected
2026-06-24 10:38:32,172 - INFO - 1 change detected
2026-06-24 10:38:32,523 - INFO - 1 change detected
2026-06-24 10:38:32,874 - INFO - 1 change detected
2026-06-24 10:38:33,225 - INFO - 1 change detected
2026-06-24 10:38:33,576 - INFO - 1 change detected
2026-06-24 10:38:33,927 - INFO - 1 change detected
2026-06-24 10:38:34,278 - INFO - 1 change detected
2026-06-24 10:38:34,628 - INFO - 1 change detected
2026-06-24 10:38:34,979 - INFO - 1 change detected
2026-06-24 10:38:35,330 - INFO - 1 change detected
2026-06-24 10:38:35,681 - INFO - 1 change detected
2026-06-24 10:38:36,031 - INFO - 1 change detected
2026-06-24 10:38:36,382 - INFO - 1 change detected
2026-06-24 10:38:36,733 - INFO - 1 change detected
2026-06-24 10:38:37,083 - INFO - 1 change detected
2026-06-24 10:38:37,434 - INFO - 1 change detected
2026-06-24 10:38:37,784 - INFO - 1 change detected
2026-06-24 10:38:38,135 - INFO - 1 change detected
2026-06-24 10:38:38,486 - INFO - 1 change detected
2026-06-24 10:38:38,837 - INFO - 1 change detected
2026-06-24 10:38:39,187 - INFO - 1 change detected
2026-06-24 10:38:39,538 - INFO - 1 change detected
2026-06-24 10:38:39,889 - INFO - 1 change detected
2026-06-24 10:38:40,239 - INFO - 1 change detected
2026-06-24 10:38:40,590 - INFO - 1 change detected
2026-06-24 10:38:40,941 - INFO - 1 change detected
2026-06-24 10:38:41,292 - INFO - 1 change detected
2026-06-24 10:38:41,642 - INFO - 1 change detected
2026-06-24 10:38:41,993 - INFO - 1 change detected
2026-06-24 10:38:42,344 - INFO - 1 change detected
2026-06-24 10:38:42,694 - INFO - 1 change detected
2026-06-24 10:38:43,045 - INFO - 1 change detected
2026-06-24 10:38:43,396 - INFO - 1 change detected
2026-06-24 10:38:43,747 - INFO - 1 change detected
2026-06-24 10:38:44,098 - INFO - 1 change detected
2026-06-24 10:38:44,448 - INFO - 1 change detected
2026-06-24 10:39:04,335 - INFO - 1 change detected
2026-06-24 10:39:04,854 - INFO - 4 changes detected
2026-06-24 10:39:05,205 - INFO - 1 change detected
2026-06-24 10:39:05,556 - INFO - 1 change detected
2026-06-24 10:39:05,907 - INFO - 1 change detected
2026-06-24 10:39:06,258 - INFO - 1 change detected
2026-06-24 10:39:06,609 - INFO - 1 change detected
2026-06-24 10:39:06,959 - INFO - 1 change detected
2026-06-24 10:39:07,310 - INFO - 1 change detected
2026-06-24 10:39:07,661 - INFO - 1 change detected
2026-06-24 10:39:08,012 - INFO - 1 change detected
2026-06-24 10:39:08,363 - INFO - 1 change detected
2026-06-24 10:39:08,713 - INFO - 1 change detected
2026-06-24 10:41:24,934 - INFO - 1 change detected
2026-06-24 10:41:25,493 - INFO - 4 changes detected
2026-06-24 10:41:25,844 - INFO - 1 change detected
2026-06-24 10:41:26,195 - INFO - 1 change detected
2026-06-24 10:41:26,546 - INFO - 1 change detected
2026-06-24 10:41:26,897 - INFO - 1 change detected
2026-06-24 10:41:27,248 - INFO - 1 change detected
2026-06-24 10:41:27,599 - INFO - 1 change detected
2026-06-24 10:41:27,949 - INFO - 1 change detected
2026-06-24 10:41:28,300 - INFO - 1 change detected
2026-06-24 10:41:28,651 - INFO - 1 change detected
2026-06-24 10:41:29,002 - INFO - 1 change detected
2026-06-24 10:41:29,353 - INFO - 1 change detected
2026-06-24 10:41:29,704 - INFO - 1 change detected
2026-06-24 10:41:30,054 - INFO - 1 change detected
2026-06-24 10:41:30,405 - INFO - 1 change detected
2026-06-24 10:41:30,756 - INFO - 1 change detected
2026-06-24 10:41:31,106 - INFO - 1 change detected
2026-06-24 10:41:31,457 - INFO - 1 change detected
2026-06-24 10:41:31,808 - INFO - 1 change detected
2026-06-24 10:41:32,159 - INFO - 1 change detected
2026-06-24 10:41:32,509 - INFO - 1 change detected
2026-06-24 10:41:32,860 - INFO - 1 change detected
2026-06-24 10:41:33,211 - INFO - 1 change detected
2026-06-24 10:41:33,562 - INFO - 1 change detected
2026-06-24 10:41:33,913 - INFO - 1 change detected
2026-06-24 10:41:34,263 - INFO - 1 change detected
2026-06-24 10:41:34,614 - INFO - 1 change detected
2026-06-24 10:41:34,965 - INFO - 1 change detected
2026-06-24 10:41:35,315 - INFO - 1 change detected
2026-06-24 10:41:35,666 - INFO - 1 change detected
2026-06-24 10:41:36,017 - INFO - 1 change detected
2026-06-24 10:41:36,367 - INFO - 1 change detected
2026-06-24 10:41:36,718 - INFO - 1 change detected
2026-06-24 10:41:37,069 - INFO - 1 change detected
2026-06-24 10:41:37,419 - INFO - 1 change detected
2026-06-24 10:41:37,770 - INFO - 1 change detected
2026-06-24 10:41:38,120 - INFO - 1 change detected
2026-06-24 10:41:38,471 - INFO - 1 change detected
2026-06-24 10:41:38,821 - INFO - 1 change detected
2026-06-24 10:41:39,172 - INFO - 1 change detected
2026-06-24 10:41:39,523 - INFO - 1 change detected
2026-06-24 10:41:39,874 - INFO - 1 change detected
2026-06-24 10:41:40,225 - INFO - 1 change detected
2026-06-24 10:41:40,576 - INFO - 1 change detected
2026-06-24 10:41:40,927 - INFO - 1 change detected
2026-06-24 10:41:41,278 - INFO - 1 change detected
2026-06-24 10:41:41,629 - INFO - 1 change detected
2026-06-24 10:41:41,980 - INFO - 1 change detected
2026-06-24 10:41:42,331 - INFO - 1 change detected
2026-06-24 10:41:42,682 - INFO - 1 change detected
2026-06-24 10:41:43,033 - INFO - 1 change detected
2026-06-24 10:41:43,384 - INFO - 1 change detected
2026-06-24 10:41:43,734 - INFO - 1 change detected
2026-06-24 10:41:44,085 - INFO - 1 change detected
2026-06-24 10:41:44,436 - INFO - 1 change detected
2026-06-24 10:41:44,787 - INFO - 1 change detected
2026-06-24 10:41:45,138 - INFO - 1 change detected
2026-06-24 10:41:45,489 - INFO - 1 change detected
2026-06-24 10:41:45,840 - INFO - 1 change detected
2026-06-24 10:41:46,190 - INFO - 1 change detected
2026-06-24 10:41:46,541 - INFO - 1 change detected
2026-06-24 10:41:46,892 - INFO - 1 change detected
2026-06-24 10:41:47,243 - INFO - 1 change detected
2026-06-24 10:41:47,594 - INFO - 1 change detected
2026-06-24 10:41:47,945 - INFO - 1 change detected
2026-06-24 10:41:48,295 - INFO - 1 change detected
2026-06-24 10:41:48,646 - INFO - 1 change detected
2026-06-24 10:41:48,997 - INFO - 1 change detected
2026-06-24 10:41:49,348 - INFO - 1 change detected
2026-06-24 10:41:49,699 - INFO - 1 change detected
2026-06-24 10:41:50,050 - INFO - 1 change detected
2026-06-24 10:41:50,401 - INFO - 1 change detected
2026-06-24 10:41:50,752 - INFO - 1 change detected
2026-06-24 10:41:51,103 - INFO - 1 change detected
2026-06-24 10:41:51,454 - INFO - 1 change detected
2026-06-24 10:41:51,805 - INFO - 1 change detected
2026-06-24 10:41:52,156 - INFO - 1 change detected
2026-06-24 10:41:52,506 - INFO - 1 change detected
2026-06-24 10:41:52,857 - INFO - 1 change detected
2026-06-24 10:41:53,208 - INFO - 1 change detected
2026-06-24 10:41:53,559 - INFO - 1 change detected
2026-06-24 10:41:53,910 - INFO - 1 change detected
2026-06-24 10:41:54,261 - INFO - 1 change detected
2026-06-24 10:41:54,612 - INFO - 1 change detected
2026-06-24 10:41:54,963 - INFO - 1 change detected
2026-06-24 10:41:55,314 - INFO - 1 change detected
2026-06-24 10:41:55,665 - INFO - 1 change detected
2026-06-24 10:41:56,016 - INFO - 1 change detected
2026-06-24 10:41:56,367 - INFO - 1 change detected
2026-06-24 10:41:56,718 - INFO - 1 change detected
2026-06-24 10:41:57,069 - INFO - 1 change detected
2026-06-24 10:41:57,420 - INFO - 1 change detected
2026-06-24 10:41:57,771 - INFO - 1 change detected
2026-06-24 10:41:58,121 - INFO - 1 change detected
2026-06-24 10:41:58,472 - INFO - 1 change detected
2026-06-24 10:41:58,823 - INFO - 1 change detected
2026-06-24 10:41:59,174 - INFO - 1 change detected
2026-06-24 10:41:59,525 - INFO - 1 change detected
2026-06-24 10:41:59,876 - INFO - 1 change detected
2026-06-24 10:42:00,227 - INFO - 1 change detected
2026-06-24 10:42:00,578 - INFO - 1 change detected
2026-06-24 10:42:00,928 - INFO - 1 change detected
2026-06-24 10:42:01,279 - INFO - 1 change detected
2026-06-24 10:42:01,630 - INFO - 1 change detected
2026-06-24 10:42:01,981 - INFO - 1 change detected
2026-06-24 10:42:02,332 - INFO - 1 change detected
2026-06-24 10:42:02,682 - INFO - 1 change detected
2026-06-24 10:42:03,033 - INFO - 1 change detected
2026-06-24 10:42:03,384 - INFO - 1 change detected
2026-06-24 10:42:03,735 - INFO - 1 change detected
2026-06-24 10:42:04,086 - INFO - 1 change detected
2026-06-24 10:42:04,437 - INFO - 1 change detected
2026-06-24 10:42:04,787 - INFO - 1 change detected
2026-06-24 10:42:05,138 - INFO - 1 change detected
2026-06-24 10:42:05,489 - INFO - 1 change detected
2026-06-24 10:42:05,840 - INFO - 1 change detected
2026-06-24 10:42:06,191 - INFO - 1 change detected
2026-06-24 10:42:06,542 - INFO - 1 change detected
2026-06-24 10:42:06,893 - INFO - 1 change detected
2026-06-24 10:42:07,244 - INFO - 1 change detected
2026-06-24 10:42:07,595 - INFO - 1 change detected
2026-06-24 10:42:07,946 - INFO - 1 change detected
2026-06-24 10:42:08,296 - INFO - 1 change detected
2026-06-24 10:42:08,647 - INFO - 1 change detected
2026-06-24 10:42:08,998 - INFO - 1 change detected
2026-06-24 10:42:09,349 - INFO - 1 change detected
2026-06-24 10:42:09,700 - INFO - 1 change detected
2026-06-24 10:42:10,051 - INFO - 1 change detected
2026-06-24 10:42:10,401 - INFO - 1 change detected
2026-06-24 10:42:10,752 - INFO - 1 change detected
2026-06-24 10:42:11,103 - INFO - 1 change detected
2026-06-24 10:42:11,453 - INFO - 1 change detected
2026-06-24 10:42:11,804 - INFO - 1 change detected
2026-06-24 10:42:12,155 - INFO - 1 change detected
2026-06-24 10:42:12,506 - INFO - 1 change detected
2026-06-24 10:42:12,857 - INFO - 1 change detected
2026-06-24 10:42:13,208 - INFO - 1 change detected
2026-06-24 10:42:13,559 - INFO - 1 change detected
2026-06-24 10:42:13,910 - INFO - 1 change detected
2026-06-24 10:42:14,261 - INFO - 1 change detected
2026-06-24 10:42:14,612 - INFO - 1 change detected
2026-06-24 10:42:14,963 - INFO - 1 change detected
2026-06-24 10:42:15,314 - INFO - 1 change detected
2026-06-24 10:42:15,664 - INFO - 1 change detected
2026-06-24 10:42:16,015 - INFO - 1 change detected
2026-06-24 10:42:16,366 - INFO - 1 change detected
2026-06-24 10:42:16,717 - INFO - 1 change detected
2026-06-24 10:42:17,067 - INFO - 1 change detected
2026-06-24 10:42:17,418 - INFO - 1 change detected
2026-06-24 10:42:17,769 - INFO - 1 change detected
2026-06-24 10:42:18,120 - INFO - 1 change detected
2026-06-24 10:42:18,471 - INFO - 1 change detected
2026-06-24 10:42:18,822 - INFO - 1 change detected
2026-06-24 10:42:19,173 - INFO - 1 change detected
2026-06-24 10:42:19,523 - INFO - 1 change detected
2026-06-24 10:42:19,874 - INFO - 1 change detected
2026-06-24 10:42:20,225 - INFO - 1 change detected
2026-06-24 10:42:20,576 - INFO - 1 change detected
2026-06-24 10:42:20,927 - INFO - 1 change detected
2026-06-24 10:42:21,278 - INFO - 1 change detected
2026-06-24 10:42:21,629 - INFO - 1 change detected
2026-06-24 10:42:21,980 - INFO - 1 change detected
2026-06-24 10:42:22,331 - INFO - 1 change detected
2026-06-24 10:42:22,682 - INFO - 1 change detected
2026-06-24 10:42:23,033 - INFO - 1 change detected
2026-06-24 10:42:23,383 - INFO - 1 change detected
2026-06-24 10:42:23,734 - INFO - 1 change detected
2026-06-24 10:42:24,085 - INFO - 1 change detected
2026-06-24 10:42:24,436 - INFO - 1 change detected
2026-06-24 10:42:24,787 - INFO - 1 change detected
2026-06-24 10:42:25,138 - INFO - 1 change detected
2026-06-24 10:42:25,489 - INFO - 1 change detected
2026-06-24 10:42:25,840 - INFO - 1 change detected
2026-06-24 10:42:26,191 - INFO - 1 change detected
2026-06-24 10:42:26,541 - INFO - 1 change detected
2026-06-24 10:42:26,892 - INFO - 1 change detected
2026-06-24 10:42:27,243 - INFO - 1 change detected
2026-06-24 10:42:27,594 - INFO - 1 change detected
2026-06-24 10:42:27,945 - INFO - 1 change detected
2026-06-24 10:42:28,296 - INFO - 1 change detected
2026-06-24 10:42:28,647 - INFO - 1 change detected
2026-06-24 10:42:28,998 - INFO - 1 change detected
2026-06-24 10:42:29,348 - INFO - 1 change detected
2026-06-24 10:42:29,699 - INFO - 1 change detected
2026-06-24 10:42:30,050 - INFO - 1 change detected
2026-06-24 10:42:30,401 - INFO - 1 change detected
2026-06-24 10:42:30,752 - INFO - 1 change detected
2026-06-24 10:42:31,103 - INFO - 1 change detected
2026-06-24 10:42:31,454 - INFO - 1 change detected
2026-06-24 10:42:31,804 - INFO - 1 change detected
2026-06-24 10:42:32,155 - INFO - 1 change detected
2026-06-24 10:42:32,506 - INFO - 1 change detected
2026-06-24 10:42:32,856 - INFO - 1 change detected
2026-06-24 10:42:33,207 - INFO - 1 change detected
2026-06-24 10:42:33,558 - INFO - 1 change detected
2026-06-24 10:42:33,909 - INFO - 1 change detected
2026-06-24 10:42:34,260 - INFO - 1 change detected
2026-06-24 10:42:34,611 - INFO - 1 change detected
2026-06-24 10:42:34,962 - INFO - 1 change detected
2026-06-24 10:42:35,313 - INFO - 1 change detected
2026-06-24 10:42:35,663 - INFO - 1 change detected
2026-06-24 10:42:36,014 - INFO - 1 change detected
2026-06-24 10:42:36,365 - INFO - 1 change detected
2026-06-24 10:42:36,716 - INFO - 1 change detected
2026-06-24 10:42:37,067 - INFO - 1 change detected
2026-06-24 10:42:37,418 - INFO - 1 change detected
2026-06-24 10:42:37,769 - INFO - 1 change detected
2026-06-24 10:42:38,120 - INFO - 1 change detected
2026-06-24 10:42:38,471 - INFO - 1 change detected
2026-06-24 10:42:38,822 - INFO - 1 change detected
2026-06-24 10:42:39,172 - INFO - 1 change detected
2026-06-24 10:42:39,523 - INFO - 1 change detected
2026-06-24 10:42:39,874 - INFO - 1 change detected
2026-06-24 10:42:40,225 - INFO - 1 change detected
2026-06-24 10:42:40,576 - INFO - 1 change detected
2026-06-24 10:42:40,927 - INFO - 1 change detected
2026-06-24 10:42:41,278 - INFO - 1 change detected
2026-06-24 10:42:41,629 - INFO - 1 change detected
2026-06-24 10:42:41,979 - INFO - 1 change detected
2026-06-24 10:42:42,330 - INFO - 1 change detected
2026-06-24 10:42:42,681 - INFO - 1 change detected
2026-06-24 10:42:43,032 - INFO - 1 change detected
2026-06-24 10:42:43,383 - INFO - 1 change detected
2026-06-24 10:42:43,733 - INFO - 1 change detected
2026-06-24 10:42:44,084 - INFO - 1 change detected
2026-06-24 10:42:44,435 - INFO - 1 change detected
2026-06-24 10:42:44,786 - INFO - 1 change detected
2026-06-24 10:42:45,137 - INFO - 1 change detected
2026-06-24 10:42:45,487 - INFO - 1 change detected
2026-06-24 10:42:45,838 - INFO - 1 change detected
2026-06-24 10:42:46,189 - INFO - 1 change detected
2026-06-24 10:42:46,539 - INFO - 1 change detected
2026-06-24 10:42:46,890 - INFO - 1 change detected
2026-06-24 10:42:47,240 - INFO - 1 change detected
2026-06-24 10:42:47,591 - INFO - 1 change detected
2026-06-24 10:42:47,942 - INFO - 1 change detected
2026-06-24 10:42:48,293 - INFO - 1 change detected
2026-06-24 10:42:48,644 - INFO - 1 change detected
2026-06-24 10:42:48,994 - INFO - 1 change detected
2026-06-24 10:42:49,345 - INFO - 1 change detected
2026-06-24 10:42:49,696 - INFO - 1 change detected
2026-06-24 10:42:50,047 - INFO - 1 change detected
2026-06-24 10:42:50,398 - INFO - 1 change detected
2026-06-24 10:42:50,749 - INFO - 1 change detected
2026-06-24 10:42:51,099 - INFO - 1 change detected
2026-06-24 10:42:51,450 - INFO - 1 change detected
2026-06-24 10:42:51,801 - INFO - 1 change detected
2026-06-24 10:42:52,152 - INFO - 1 change detected
2026-06-24 10:42:52,502 - INFO - 1 change detected
2026-06-24 10:42:52,853 - INFO - 1 change detected
2026-06-24 10:42:53,204 - INFO - 1 change detected
2026-06-24 10:42:53,554 - INFO - 1 change detected
2026-06-24 10:42:53,905 - INFO - 1 change detected
2026-06-24 10:42:54,256 - INFO - 1 change detected
2026-06-24 10:42:54,607 - INFO - 1 change detected
2026-06-24 10:42:54,958 - INFO - 1 change detected
2026-06-24 10:42:55,309 - INFO - 1 change detected
2026-06-24 10:42:55,660 - INFO - 1 change detected
